<?xml version="1.0" encoding="UTF-8"?>
<!-- Generated by org.testng.reporters.JUnitReportReporter -->
<testsuite hostname="LAPTOP-8DF852S1" failures="0" tests="5" name="com.flipkart.FilterLaptops" time="13.132" errors="0" timestamp="19 Feb 2024 13:46:22 GMT">
  <testcase classname="com.flipkart.FilterLaptops" name="check_Dell_Brand" time="0.321"/>
  <testcase classname="com.flipkart.FilterLaptops" name="get_Filtered_Dell_Laptops" time="6.063"/>
  <testcase classname="com.flipkart.FilterLaptops" name="click_Brand" time="0.249"/>
  <testcase classname="com.flipkart.FilterLaptops" name="validate_Filtered_Data" time="0.207"/>
  <testcase classname="com.flipkart.FilterLaptops" name="search_Laptop" time="6.292"/>
</testsuite> <!-- com.flipkart.FilterLaptops -->
