<?xml version="1.0" encoding="UTF-8"?>
<!-- Generated by org.testng.reporters.JUnitReportReporter -->
<testsuite hostname="LAPTOP-8DF852S1" failures="0" tests="10" name="com.flipkart.FilterSonyTelevision" time="30.916" errors="0" timestamp="18 Feb 2024 19:12:55 GMT">
  <testcase classname="com.flipkart.FilterSonyTelevision" name="scroll_To_SSD_Capacity" time="3.157"/>
  <testcase classname="com.flipkart.FilterSonyTelevision" name="search_Laptop" time="3.728"/>
  <testcase classname="com.flipkart.FilterSonyTelevision" name="click_Brand" time="0.205"/>
  <testcase classname="com.flipkart.FilterSonyTelevision" name="select_Min_Max_Price" time="4.608"/>
  <testcase classname="com.flipkart.FilterSonyTelevision" name="check_512gb_Capacity" time="0.148"/>
  <testcase classname="com.flipkart.FilterSonyTelevision" name="store_Filtered_Data_In_Excel" time="8.325"/>
  <testcase classname="com.flipkart.FilterSonyTelevision" name="compare_Excel_Data_With_Actual" time="5.448"/>
  <testcase classname="com.flipkart.FilterSonyTelevision" name="create_Excel_File" time="2.012"/>
  <testcase classname="com.flipkart.FilterSonyTelevision" name="get_Filtered_Dell_Laptop" time="3.117"/>
  <testcase classname="com.flipkart.FilterSonyTelevision" name="check_Dell_Brand" time="0.168"/>
</testsuite> <!-- com.flipkart.FilterSonyTelevision -->
