<?xml version="1.0" encoding="UTF-8"?>
<!-- Generated by org.testng.reporters.JUnitReportReporter -->
<testsuite hostname="LAPTOP-8DF852S1" failures="0" tests="5" name="com.flipkart.FilterDesktops" time="15.420" errors="0" timestamp="19 Feb 2024 13:46:22 GMT">
  <testcase classname="com.flipkart.FilterDesktops" name="get_Filtered_Hp_Desktops" time="6.086"/>
  <testcase classname="com.flipkart.FilterDesktops" name="check_Hp_Brand" time="0.748"/>
  <testcase classname="com.flipkart.FilterDesktops" name="scroll_To_Brand" time="4.447"/>
  <testcase classname="com.flipkart.FilterDesktops" name="search_Desktop" time="3.979"/>
  <testcase classname="com.flipkart.FilterDesktops" name="validate_Filtered_Data" time="0.160"/>
</testsuite> <!-- com.flipkart.FilterDesktops -->
