<?xml version="1.0" encoding="UTF-8"?>
<!-- Generated by org.testng.reporters.JUnitReportReporter -->
<testsuite hostname="LAPTOP-8DF852S1" failures="0" tests="7" name="com.flipkart.FilterSonyTelevision2" time="41.330" errors="0" timestamp="18 Feb 2024 16:04:20 GMT">
  <testcase classname="com.flipkart.FilterSonyTelevision2" name="click_the_mobile" time="18.558"/>
  <testcase classname="com.flipkart.FilterSonyTelevision2" name="click_oppo_Brand" time="0.381"/>
  <testcase classname="com.flipkart.FilterSonyTelevision2" name="create_Excel_file" time="3.006"/>
  <testcase classname="com.flipkart.FilterSonyTelevision2" name="Compare_Excel_Data_With_Actual" time="4.344"/>
  <testcase classname="com.flipkart.FilterSonyTelevision2" name="write_Filtered_Data_In_excel" time="10.471"/>
  <testcase classname="com.flipkart.FilterSonyTelevision2" name="get_filtered_mobile" time="3.108"/>
  <testcase classname="com.flipkart.FilterSonyTelevision2" name="scroll_The_Brand" time="1.462"/>
</testsuite> <!-- com.flipkart.FilterSonyTelevision2 -->
