<?xml version="1.0" encoding="UTF-8"?>
<!-- Generated by org.testng.reporters.JUnitReportReporter -->
<testsuite hostname="LAPTOP-8DF852S1" failures="0" tests="4" name="com.flipkart.FilterSamsungMobiles1" time="23.982" errors="0" timestamp="19 Feb 2024 16:04:50 GMT">
  <testcase classname="com.flipkart.FilterSamsungMobiles1" name="get_Filtered_Mobiles" time="6.078"/>
  <testcase classname="com.flipkart.FilterSamsungMobiles1" name="validate_Filtered_Data" time="0.737"/>
  <testcase classname="com.flipkart.FilterSamsungMobiles1" name="search_Mobiles" time="15.356"/>
  <testcase classname="com.flipkart.FilterSamsungMobiles1" name="check_Samsung_Brand" time="1.811"/>
</testsuite> <!-- com.flipkart.FilterSamsungMobiles1 -->
