<?xml version="1.0" encoding="UTF-8"?>
<!-- Generated by org.testng.reporters.JUnitReportReporter -->
<testsuite hostname="LAPTOP-8DF852S1" failures="0" tests="4" name="com.flipkart.FilterSamsungMobiles" time="29.911" errors="0" timestamp="19 Feb 2024 16:04:50 GMT">
  <testcase classname="com.flipkart.FilterSamsungMobiles" name="get_Filtered_Mobiles" time="6.148"/>
  <testcase classname="com.flipkart.FilterSamsungMobiles" name="check_Samsung_Brand" time="2.657"/>
  <testcase classname="com.flipkart.FilterSamsungMobiles" name="validate_Filtered_Data" time="0.830"/>
  <testcase classname="com.flipkart.FilterSamsungMobiles" name="search_Mobiles" time="20.276"/>
</testsuite> <!-- com.flipkart.FilterSamsungMobiles -->
